--------------------------------------------------------------------------------------------------------------------- 
Fetching mac address table and CDP neighbors from site1_switch1
---------------------------------------------------------------------------------------------------------------------- 
--------------------------------------------------------------------------------------------------------------------- 
Parsing show mac address-table from site1_switch1
---------------------------------------------------------------------------------------------------------------------- 
--------------------------------------------------------------------------------------------------------------------- 
{'mac_table': {'vlans': {'1': {'mac_addresses': {'006b.f170.da40': {'interfaces': {'GigabitEthernet3/0/46': {'entry_type': 'dynamic',
                                                                                                             'interface': 'GigabitEthernet3/0/46'}},
                                                                    'mac_address': '006b.f170.da40'},
                                                 '006b.f18c.9e7c': {'interfaces': {'GigabitEthernet3/0/45': {'entry_type': 'dynamic',
                                                                                                             'interface': 'GigabitEthernet3/0/45'}},
                                                                    'mac_address': '006b.f18c.9e7c'},
                                                 '006b.f18c.a48c': {'interfaces': {'GigabitEthernet3/0/47': {'entry_type': 'dynamic',
                                                                                                             'interface': 'GigabitEthernet3/0/47'}},
                                                                    'mac_address': '006b.f18c.a48c'},
                                                 '006b.f19c.c0b4': {'interfaces': {'GigabitEthernet3/0/44': {'entry_type': 'dynamic',
                                                                                                             'interface': 'GigabitEthernet3/0/44'}},
                                                                    'mac_address': '006b.f19c.c0b4'},
                                                 '006b.f19c.c460': {'interfaces': {'GigabitEthernet3/0/43': {'entry_type': 'dynamic',
                                                                                                             'interface': 'GigabitEthernet3/0/43'}},
                                                                    'mac_address': '006b.f19c.c460'},
                                                 '2852.610c.5cb7': {'interfaces': {'Port-channel1': {'entry_type': 'dynamic',
                                                                                                     'interface': 'Port-channel1'}},
                                                                    'mac_address': '2852.610c.5cb7'},
                                                 '2852.610c.5cb8': {'interfaces': {'Port-channel1': {'entry_type': 'dynamic',
                                                                                                     'interface': 'Port-channel1'}},
                                                                    'mac_address': '2852.610c.5cb8'}},
                               'vlan': 1},
                         '101': {'mac_addresses': {'2852.610c.5cb7': {'interfaces': {'Port-channel1': {'entry_type': 'dynamic',
                                                                                                       'interface': 'Port-channel1'}},
                                                                      'mac_address': '2852.610c.5cb7'},
                                                   '2c0b.e992.db41': {'interfaces': {'Vlan101': {'entry_type': 'static',
                                                                                                 'interface': 'Vlan101'}},
                                                                      'mac_address': '2c0b.e992.db41'}},
                                 'vlan': 101},
                         '201': {'mac_addresses': {'000c.295a.46c0': {'interfaces': {'GigabitEthernet2/0/22': {'entry_type': 'static',
                                                                                                               'interface': 'GigabitEthernet2/0/22'}},
                                                                      'mac_address': '000c.295a.46c0'},
                                                   '001b.1700.0110': {'interfaces': {'GigabitEthernet2/0/47': {'entry_type': 'dynamic',
                                                                                                               'interface': 'GigabitEthernet2/0/47'}},
                                                                      'mac_address': '001b.1700.0110'},
                                                   '001b.d860.22d5': {'interfaces': {'GigabitEthernet3/0/18': {'entry_type': 'static',
                                                                                                               'interface': 'GigabitEthernet3/0/18'}},
                                                                      'mac_address': '001b.d860.22d5'},
                                                   '001b.d860.238d': {'interfaces': {'GigabitEthernet3/0/20': {'entry_type': 'static',
                                                                                                               'interface': 'GigabitEthernet3/0/20'}},
                                                                      'mac_address': '001b.d860.238d'},
                                                   '0026.73dd.8c6a': {'interfaces': {'GigabitEthernet3/0/1': {'entry_type': 'static',
                                                                                                              'interface': 'GigabitEthernet3/0/1'}},
                                                                      'mac_address': '0026.73dd.8c6a'},
                                                   '0040.8421.a105': {'interfaces': {'GigabitEthernet3/0/14': {'entry_type': 'static',
                                                                                                               'interface': 'GigabitEthernet3/0/14'}},
                                                                      'mac_address': '0040.8421.a105'},
                                                   '006b.f170.da40': {'interfaces': {'GigabitEthernet3/0/46': {'entry_type': 'dynamic',
                                                                                                               'interface': 'GigabitEthernet3/0/46'}},
                                                                      'mac_address': '006b.f170.da40'},
                                                   '006b.f18c.9e7c': {'interfaces': {'GigabitEthernet3/0/45': {'entry_type': 'dynamic',
                                                                                                               'interface': 'GigabitEthernet3/0/45'}},
                                                                      'mac_address': '006b.f18c.9e7c'},
                                                   '006b.f18c.a48c': {'interfaces': {'GigabitEthernet3/0/47': {'entry_type': 'dynamic',
                                                                                                               'interface': 'GigabitEthernet3/0/47'}},
                                                                      'mac_address': '006b.f18c.a48c'},
                                                   '006b.f19c.c0b4': {'interfaces': {'GigabitEthernet3/0/44': {'entry_type': 'dynamic',
                                                                                                               'interface': 'GigabitEthernet3/0/44'}},
                                                                      'mac_address': '006b.f19c.c0b4'},
                                                   '006b.f19c.c460': {'interfaces': {'GigabitEthernet3/0/43': {'entry_type': 'dynamic',
                                                                                                               'interface': 'GigabitEthernet3/0/43'}},
                                                                      'mac_address': '006b.f19c.c460'},
                                                   '240b.0a00.5564': {'interfaces': {'GigabitEthernet2/0/43': {'entry_type': 'dynamic',
                                                                                                               'interface': 'GigabitEthernet2/0/43'}},
                                                                      'mac_address': '240b.0a00.5564'},
                                                   '240b.0a00.940c': {'interfaces': {'GigabitEthernet1/0/43': {'entry_type': 'dynamic',
                                                                                                               'interface': 'GigabitEthernet1/0/43'}},
                                                                      'mac_address': '240b.0a00.940c'},
                                                   '2852.610c.5cb7': {'interfaces': {'Port-channel1': {'entry_type': 'dynamic',
                                                                                                       'interface': 'Port-channel1'}},
                                                                      'mac_address': '2852.610c.5cb7'},
                                                   '2852.610c.5ccc': {'interfaces': {'Port-channel1': {'entry_type': 'dynamic',
                                                                                                       'interface': 'Port-channel1'}},
                                                                      'mac_address': '2852.610c.5ccc'},
                                                   '2c0b.e992.db4c': {'interfaces': {'Vlan201': {'entry_type': 'static',
                                                                                                 'interface': 'Vlan201'}},
                                                                      'mac_address': '2c0b.e992.db4c'},
                                                   '3c58.c239.0b66': {'interfaces': {'GigabitEthernet3/0/44': {'entry_type': 'dynamic',
                                                                                                               'interface': 'GigabitEthernet3/0/44'}},
                                                                      'mac_address': '3c58.c239.0b66'},
                                                   '4ccc.6a4f.1204': {'drop': {'drop': True,
                                                                               'entry_type': 'static'},
                                                                      'mac_address': '4ccc.6a4f.1204'},
                                                   '50e0.8535.79d8': {'interfaces': {'GigabitEthernet3/0/46': {'entry_type': 'dynamic',
                                                                                                               'interface': 'GigabitEthernet3/0/46'}},
                                                                      'mac_address': '50e0.8535.79d8'},
                                                   'a44c.c84b.ea69': {'interfaces': {'GigabitEthernet2/0/22': {'entry_type': 'static',
                                                                                                               'interface': 'GigabitEthernet2/0/22'}},
                                                                      'mac_address': 'a44c.c84b.ea69'}},
                                 'vlan': 201},
                         '301': {'mac_addresses': {'001b.1700.0111': {'interfaces': {'GigabitEthernet2/0/48': {'entry_type': 'dynamic',
                                                                                                               'interface': 'GigabitEthernet2/0/48'}},
                                                                      'mac_address': '001b.1700.0111'},
                                                   '2852.610c.5cb7': {'interfaces': {'Port-channel1': {'entry_type': 'dynamic',
                                                                                                       'interface': 'Port-channel1'}},
                                                                      'mac_address': '2852.610c.5cb7'}},
                                 'vlan': 301},
                         '302': {'mac_addresses': {'0015.5d0a.1e60': {'interfaces': {'Port-channel1': {'entry_type': 'dynamic',
                                                                                                       'interface': 'Port-channel1'}},
                                                                      'mac_address': '0015.5d0a.1e60'},
                                                   '001b.1700.0111': {'interfaces': {'GigabitEthernet2/0/48': {'entry_type': 'dynamic',
                                                                                                               'interface': 'GigabitEthernet2/0/48'}},
                                                                      'mac_address': '001b.1700.0111'},
                                                   '2852.610c.5cb7': {'interfaces': {'Port-channel1': {'entry_type': 'dynamic',
                                                                                                       'interface': 'Port-channel1'}},
                                                                      'mac_address': '2852.610c.5cb7'},
                                                   'b8ca.3a63.6c64': {'interfaces': {'Port-channel1': {'entry_type': 'dynamic',
                                                                                                       'interface': 'Port-channel1'}},
                                                                      'mac_address': 'b8ca.3a63.6c64'}},
                                 'vlan': 302},
                         '303': {'mac_addresses': {'001b.1700.0111': {'interfaces': {'GigabitEthernet2/0/48': {'entry_type': 'dynamic',
                                                                                                               'interface': 'GigabitEthernet2/0/48'}},
                                                                      'mac_address': '001b.1700.0111'},
                                                   '2852.610c.5cb7': {'interfaces': {'Port-channel1': {'entry_type': 'dynamic',
                                                                                                       'interface': 'Port-channel1'}},
                                                                      'mac_address': '2852.610c.5cb7'}},
                                 'vlan': 303},
                         '304': {'mac_addresses': {'001b.1700.0111': {'interfaces': {'GigabitEthernet2/0/48': {'entry_type': 'dynamic',
                                                                                                               'interface': 'GigabitEthernet2/0/48'}},
                                                                      'mac_address': '001b.1700.0111'},
                                                   '2852.610c.5cb7': {'interfaces': {'Port-channel1': {'entry_type': 'dynamic',
                                                                                                       'interface': 'Port-channel1'}},
                                                                      'mac_address': '2852.610c.5cb7'}},
                                 'vlan': 304},
                         '305': {'mac_addresses': {'001b.1700.0111': {'interfaces': {'GigabitEthernet2/0/48': {'entry_type': 'dynamic',
                                                                                                               'interface': 'GigabitEthernet2/0/48'}},
                                                                      'mac_address': '001b.1700.0111'},
                                                   '2852.610c.5cb7': {'interfaces': {'Port-channel1': {'entry_type': 'dynamic',
                                                                                                       'interface': 'Port-channel1'}},
                                                                      'mac_address': '2852.610c.5cb7'}},
                                 'vlan': 305},
                         '306': {'mac_addresses': {'001b.1700.0111': {'interfaces': {'GigabitEthernet2/0/48': {'entry_type': 'dynamic',
                                                                                                               'interface': 'GigabitEthernet2/0/48'}},
                                                                      'mac_address': '001b.1700.0111'},
                                                   '2852.610c.5cb7': {'interfaces': {'Port-channel1': {'entry_type': 'dynamic',
                                                                                                       'interface': 'Port-channel1'}},
                                                                      'mac_address': '2852.610c.5cb7'}},
                                 'vlan': 306},
                         '307': {'mac_addresses': {'001b.1700.0111': {'interfaces': {'GigabitEthernet2/0/48': {'entry_type': 'dynamic',
                                                                                                               'interface': 'GigabitEthernet2/0/48'}},
                                                                      'mac_address': '001b.1700.0111'},
                                                   '2852.610c.5cb7': {'interfaces': {'Port-channel1': {'entry_type': 'dynamic',
                                                                                                       'interface': 'Port-channel1'}},
                                                                      'mac_address': '2852.610c.5cb7'}},
                                 'vlan': 307},
                         '308': {'mac_addresses': {'001b.1700.0111': {'interfaces': {'GigabitEthernet2/0/48': {'entry_type': 'dynamic',
                                                                                                               'interface': 'GigabitEthernet2/0/48'}},
                                                                      'mac_address': '001b.1700.0111'},
                                                   '2852.610c.5cb7': {'interfaces': {'Port-channel1': {'entry_type': 'dynamic',
                                                                                                       'interface': 'Port-channel1'}},
                                                                      'mac_address': '2852.610c.5cb7'}},
                                 'vlan': 308},
                         '309': {'mac_addresses': {'001b.1700.0111': {'interfaces': {'GigabitEthernet2/0/48': {'entry_type': 'dynamic',
                                                                                                               'interface': 'GigabitEthernet2/0/48'}},
                                                                      'mac_address': '001b.1700.0111'},
                                                   '2852.610c.5cb7': {'interfaces': {'Port-channel1': {'entry_type': 'dynamic',
                                                                                                       'interface': 'Port-channel1'}},
                                                                      'mac_address': '2852.610c.5cb7'}},
                                 'vlan': 309},
                         '310': {'mac_addresses': {'001b.1700.0111': {'interfaces': {'GigabitEthernet2/0/48': {'entry_type': 'dynamic',
                                                                                                               'interface': 'GigabitEthernet2/0/48'}},
                                                                      'mac_address': '001b.1700.0111'},
                                                   '2852.610c.5cb7': {'interfaces': {'Port-channel1': {'entry_type': 'dynamic',
                                                                                                       'interface': 'Port-channel1'}},
                                                                      'mac_address': '2852.610c.5cb7'}},
                                 'vlan': 310},
                         '311': {'mac_addresses': {'001b.1700.0111': {'interfaces': {'GigabitEthernet2/0/48': {'entry_type': 'dynamic',
                                                                                                               'interface': 'GigabitEthernet2/0/48'}},
                                                                      'mac_address': '001b.1700.0111'},
                                                   '2852.610c.5cb7': {'interfaces': {'Port-channel1': {'entry_type': 'dynamic',
                                                                                                       'interface': 'Port-channel1'}},
                                                                      'mac_address': '2852.610c.5cb7'}},
                                 'vlan': 311},
                         '312': {'mac_addresses': {'001b.1700.0111': {'interfaces': {'GigabitEthernet2/0/48': {'entry_type': 'dynamic',
                                                                                                               'interface': 'GigabitEthernet2/0/48'}},
                                                                      'mac_address': '001b.1700.0111'},
                                                   '2852.610c.5cb7': {'interfaces': {'Port-channel1': {'entry_type': 'dynamic',
                                                                                                       'interface': 'Port-channel1'}},
                                                                      'mac_address': '2852.610c.5cb7'}},
                                 'vlan': 312},
                         '313': {'mac_addresses': {'001b.1700.0111': {'interfaces': {'GigabitEthernet2/0/48': {'entry_type': 'dynamic',
                                                                                                               'interface': 'GigabitEthernet2/0/48'}},
                                                                      'mac_address': '001b.1700.0111'},
                                                   '2852.610c.5cb7': {'interfaces': {'Port-channel1': {'entry_type': 'dynamic',
                                                                                                       'interface': 'Port-channel1'}},
                                                                      'mac_address': '2852.610c.5cb7'}},
                                 'vlan': 313},
                         '314': {'mac_addresses': {'001b.1700.0111': {'interfaces': {'GigabitEthernet2/0/48': {'entry_type': 'dynamic',
                                                                                                               'interface': 'GigabitEthernet2/0/48'}},
                                                                      'mac_address': '001b.1700.0111'},
                                                   '2852.610c.5cb7': {'interfaces': {'Port-channel1': {'entry_type': 'dynamic',
                                                                                                       'interface': 'Port-channel1'}},
                                                                      'mac_address': '2852.610c.5cb7'}},
                                 'vlan': 314},
                         '315': {'mac_addresses': {'001b.1700.0111': {'interfaces': {'GigabitEthernet2/0/48': {'entry_type': 'dynamic',
                                                                                                               'interface': 'GigabitEthernet2/0/48'}},
                                                                      'mac_address': '001b.1700.0111'},
                                                   '2852.610c.5cb7': {'interfaces': {'Port-channel1': {'entry_type': 'dynamic',
                                                                                                       'interface': 'Port-channel1'}},
                                                                      'mac_address': '2852.610c.5cb7'}},
                                 'vlan': 315},
                         '316': {'mac_addresses': {'001b.1700.0111': {'interfaces': {'GigabitEthernet2/0/48': {'entry_type': 'dynamic',
                                                                                                               'interface': 'GigabitEthernet2/0/48'}},
                                                                      'mac_address': '001b.1700.0111'},
                                                   '2852.610c.5cb7': {'interfaces': {'Port-channel1': {'entry_type': 'dynamic',
                                                                                                       'interface': 'Port-channel1'}},
                                                                      'mac_address': '2852.610c.5cb7'}},
                                 'vlan': 316},
                         '317': {'mac_addresses': {'001b.1700.0111': {'interfaces': {'GigabitEthernet2/0/48': {'entry_type': 'dynamic',
                                                                                                               'interface': 'GigabitEthernet2/0/48'}},
                                                                      'mac_address': '001b.1700.0111'},
                                                   '2852.610c.5cb7': {'interfaces': {'Port-channel1': {'entry_type': 'dynamic',
                                                                                                       'interface': 'Port-channel1'}},
                                                                      'mac_address': '2852.610c.5cb7'}},
                                 'vlan': 317},
                         '318': {'mac_addresses': {'001b.1700.0111': {'interfaces': {'GigabitEthernet2/0/48': {'entry_type': 'dynamic',
                                                                                                               'interface': 'GigabitEthernet2/0/48'}},
                                                                      'mac_address': '001b.1700.0111'},
                                                   '2852.610c.5cb7': {'interfaces': {'Port-channel1': {'entry_type': 'dynamic',
                                                                                                       'interface': 'Port-channel1'}},
                                                                      'mac_address': '2852.610c.5cb7'}},
                                 'vlan': 318},
                         '319': {'mac_addresses': {'001b.1700.0111': {'interfaces': {'GigabitEthernet2/0/48': {'entry_type': 'dynamic',
                                                                                                               'interface': 'GigabitEthernet2/0/48'}},
                                                                      'mac_address': '001b.1700.0111'},
                                                   '2852.610c.5cb7': {'interfaces': {'Port-channel1': {'entry_type': 'dynamic',
                                                                                                       'interface': 'Port-channel1'}},
                                                                      'mac_address': '2852.610c.5cb7'}},
                                 'vlan': 319},
                         '320': {'mac_addresses': {'001b.1700.0111': {'interfaces': {'GigabitEthernet2/0/48': {'entry_type': 'dynamic',
                                                                                                               'interface': 'GigabitEthernet2/0/48'}},
                                                                      'mac_address': '001b.1700.0111'},
                                                   '2852.610c.5cb7': {'interfaces': {'Port-channel1': {'entry_type': 'dynamic',
                                                                                                       'interface': 'Port-channel1'}},
                                                                      'mac_address': '2852.610c.5cb7'}},
                                 'vlan': 320},
                         '321': {'mac_addresses': {'001b.1700.0111': {'interfaces': {'GigabitEthernet2/0/48': {'entry_type': 'dynamic',
                                                                                                               'interface': 'GigabitEthernet2/0/48'}},
                                                                      'mac_address': '001b.1700.0111'},
                                                   '2852.610c.5cb7': {'interfaces': {'Port-channel1': {'entry_type': 'dynamic',
                                                                                                       'interface': 'Port-channel1'}},
                                                                      'mac_address': '2852.610c.5cb7'}},
                                 'vlan': 321},
                         '322': {'mac_addresses': {'001b.1700.0111': {'interfaces': {'GigabitEthernet2/0/48': {'entry_type': 'dynamic',
                                                                                                               'interface': 'GigabitEthernet2/0/48'}},
                                                                      'mac_address': '001b.1700.0111'},
                                                   '2852.610c.5cb7': {'interfaces': {'Port-channel1': {'entry_type': 'dynamic',
                                                                                                       'interface': 'Port-channel1'}},
                                                                      'mac_address': '2852.610c.5cb7'}},
                                 'vlan': 322},
                         '323': {'mac_addresses': {'001b.1700.0111': {'interfaces': {'GigabitEthernet2/0/48': {'entry_type': 'dynamic',
                                                                                                               'interface': 'GigabitEthernet2/0/48'}},
                                                                      'mac_address': '001b.1700.0111'},
                                                   '2852.610c.5cb7': {'interfaces': {'Port-channel1': {'entry_type': 'dynamic',
                                                                                                       'interface': 'Port-channel1'}},
                                                                      'mac_address': '2852.610c.5cb7'}},
                                 'vlan': 323},
                         '324': {'mac_addresses': {'001b.1700.0111': {'interfaces': {'GigabitEthernet2/0/48': {'entry_type': 'dynamic',
                                                                                                               'interface': 'GigabitEthernet2/0/48'}},
                                                                      'mac_address': '001b.1700.0111'},
                                                   '2852.610c.5cb7': {'interfaces': {'Port-channel1': {'entry_type': 'dynamic',
                                                                                                       'interface': 'Port-channel1'}},
                                                                      'mac_address': '2852.610c.5cb7'}},
                                 'vlan': 324},
                         '325': {'mac_addresses': {'001b.1700.0111': {'interfaces': {'GigabitEthernet2/0/48': {'entry_type': 'dynamic',
                                                                                                               'interface': 'GigabitEthernet2/0/48'}},
                                                                      'mac_address': '001b.1700.0111'},
                                                   '2852.610c.5cb7': {'interfaces': {'Port-channel1': {'entry_type': 'dynamic',
                                                                                                       'interface': 'Port-channel1'}},
                                                                      'mac_address': '2852.610c.5cb7'}},
                                 'vlan': 325},
                         '326': {'mac_addresses': {'001b.1700.0111': {'interfaces': {'GigabitEthernet2/0/48': {'entry_type': 'dynamic',
                                                                                                               'interface': 'GigabitEthernet2/0/48'}},
                                                                      'mac_address': '001b.1700.0111'},
                                                   '2852.610c.5cb7': {'interfaces': {'Port-channel1': {'entry_type': 'dynamic',
                                                                                                       'interface': 'Port-channel1'}},
                                                                      'mac_address': '2852.610c.5cb7'}},
                                 'vlan': 326},
                         '327': {'mac_addresses': {'001b.1700.0111': {'interfaces': {'GigabitEthernet2/0/48': {'entry_type': 'dynamic',
                                                                                                               'interface': 'GigabitEthernet2/0/48'}},
                                                                      'mac_address': '001b.1700.0111'},
                                                   '2852.610c.5cb7': {'interfaces': {'Port-channel1': {'entry_type': 'dynamic',
                                                                                                       'interface': 'Port-channel1'}},
                                                                      'mac_address': '2852.610c.5cb7'}},
                                 'vlan': 327},
                         '328': {'mac_addresses': {'001b.1700.0111': {'interfaces': {'GigabitEthernet2/0/48': {'entry_type': 'dynamic',
                                                                                                               'interface': 'GigabitEthernet2/0/48'}},
                                                                      'mac_address': '001b.1700.0111'},
                                                   '2852.610c.5cb7': {'interfaces': {'Port-channel1': {'entry_type': 'dynamic',
                                                                                                       'interface': 'Port-channel1'}},
                                                                      'mac_address': '2852.610c.5cb7'}},
                                 'vlan': 328},
                         'all': {'mac_addresses': {'0100.0ccc.cccc': {'interfaces': {'CPU': {'entry_type': 'static',
                                                                                             'interface': 'CPU'}},
                                                                      'mac_address': '0100.0ccc.cccc'},
                                                   '0100.0ccc.cccd': {'interfaces': {'CPU': {'entry_type': 'static',
                                                                                             'interface': 'CPU'}},
                                                                      'mac_address': '0100.0ccc.cccd'},
                                                   '0100.0ccc.ccce': {'interfaces': {'CPU': {'entry_type': 'static',
                                                                                             'interface': 'CPU'}},
                                                                      'mac_address': '0100.0ccc.ccce'},
                                                   '0180.c200.0000': {'interfaces': {'CPU': {'entry_type': 'static',
                                                                                             'interface': 'CPU'}},
                                                                      'mac_address': '0180.c200.0000'},
                                                   '0180.c200.0001': {'interfaces': {'CPU': {'entry_type': 'static',
                                                                                             'interface': 'CPU'}},
                                                                      'mac_address': '0180.c200.0001'},
                                                   '0180.c200.0002': {'interfaces': {'CPU': {'entry_type': 'static',
                                                                                             'interface': 'CPU'}},
                                                                      'mac_address': '0180.c200.0002'},
                                                   '0180.c200.0003': {'interfaces': {'CPU': {'entry_type': 'static',
                                                                                             'interface': 'CPU'}},
                                                                      'mac_address': '0180.c200.0003'},
                                                   '0180.c200.0004': {'interfaces': {'CPU': {'entry_type': 'static',
                                                                                             'interface': 'CPU'}},
                                                                      'mac_address': '0180.c200.0004'},
                                                   '0180.c200.0005': {'interfaces': {'CPU': {'entry_type': 'static',
                                                                                             'interface': 'CPU'}},
                                                                      'mac_address': '0180.c200.0005'},
                                                   '0180.c200.0006': {'interfaces': {'CPU': {'entry_type': 'static',
                                                                                             'interface': 'CPU'}},
                                                                      'mac_address': '0180.c200.0006'},
                                                   '0180.c200.0007': {'interfaces': {'CPU': {'entry_type': 'static',
                                                                                             'interface': 'CPU'}},
                                                                      'mac_address': '0180.c200.0007'},
                                                   '0180.c200.0008': {'interfaces': {'CPU': {'entry_type': 'static',
                                                                                             'interface': 'CPU'}},
                                                                      'mac_address': '0180.c200.0008'},
                                                   '0180.c200.0009': {'interfaces': {'CPU': {'entry_type': 'static',
                                                                                             'interface': 'CPU'}},
                                                                      'mac_address': '0180.c200.0009'},
                                                   '0180.c200.000a': {'interfaces': {'CPU': {'entry_type': 'static',
                                                                                             'interface': 'CPU'}},
                                                                      'mac_address': '0180.c200.000a'},
                                                   '0180.c200.000b': {'interfaces': {'CPU': {'entry_type': 'static',
                                                                                             'interface': 'CPU'}},
                                                                      'mac_address': '0180.c200.000b'},
                                                   '0180.c200.000c': {'interfaces': {'CPU': {'entry_type': 'static',
                                                                                             'interface': 'CPU'}},
                                                                      'mac_address': '0180.c200.000c'},
                                                   '0180.c200.000d': {'interfaces': {'CPU': {'entry_type': 'static',
                                                                                             'interface': 'CPU'}},
                                                                      'mac_address': '0180.c200.000d'},
                                                   '0180.c200.000e': {'interfaces': {'CPU': {'entry_type': 'static',
                                                                                             'interface': 'CPU'}},
                                                                      'mac_address': '0180.c200.000e'},
                                                   '0180.c200.000f': {'interfaces': {'CPU': {'entry_type': 'static',
                                                                                             'interface': 'CPU'}},
                                                                      'mac_address': '0180.c200.000f'},
                                                   '0180.c200.0010': {'interfaces': {'CPU': {'entry_type': 'static',
                                                                                             'interface': 'CPU'}},
                                                                      'mac_address': '0180.c200.0010'},
                                                   'ffff.ffff.ffff': {'interfaces': {'CPU': {'entry_type': 'static',
                                                                                             'interface': 'CPU'}},
                                                                      'mac_address': 'ffff.ffff.ffff'}},
                                 'vlan': 'all'}}},
 'total_mac_addresses': 108}

---------------------------------------------------------------------------------------------------------------------- 
--------------------------------------------------------------------------------------------------------------------- 
Parsing show cdp neighbor from site1_switch1
---------------------------------------------------------------------------------------------------------------------- 
--------------------------------------------------------------------------------------------------------------------- 
printing cdp neighbor
---------------------------------------------------------------------------------------------------------------------- 
--------------------------------------------------------------------------------------------------------------------- 
{'cdp': {'index': {1: {'capability': 'T B I',
                       'device_id': 'alp-wap04',
                       'hold_time': 135,
                       'local_interface': 'GigabitEthernet3/0/46',
                       'platform': 'AIR-CAP37',
                       'port_id': 'GigabitEthernet0'},
                   2: {'capability': 'T B I',
                       'device_id': 'alp-wap05',
                       'hold_time': 124,
                       'local_interface': 'GigabitEthernet3/0/47',
                       'platform': 'AIR-CAP37',
                       'port_id': 'GigabitEthernet0'},
                   3: {'capability': 'T B I',
                       'device_id': 'alp-wap02',
                       'hold_time': 178,
                       'local_interface': 'GigabitEthernet3/0/44',
                       'platform': 'AIR-CAP37',
                       'port_id': 'GigabitEthernet0'},
                   4: {'capability': 'T B I',
                       'device_id': 'alp-wap03',
                       'hold_time': 164,
                       'local_interface': 'GigabitEthernet3/0/45',
                       'platform': 'AIR-CAP37',
                       'port_id': 'GigabitEthernet0'},
                   5: {'capability': 'T B I',
                       'device_id': 'alp-wap01',
                       'hold_time': 169,
                       'local_interface': 'GigabitEthernet3/0/43',
                       'platform': 'AIR-CAP37',
                       'port_id': 'GigabitEthernet0'},
                   6: {'capability': 'R S I',
                       'device_id': 'alp-swi02.ra.rockwell.com',
                       'hold_time': 128,
                       'local_interface': 'TenGigabitEthernet1/1/4',
                       'platform': 'WS-C3850-',
                       'port_id': 'TenGigabitEthernet1/1/4'},
                   7: {'capability': 'R S I',
                       'device_id': 'alp-swi02.ra.rockwell.com',
                       'hold_time': 148,
                       'local_interface': 'TenGigabitEthernet1/1/3',
                       'platform': 'WS-C3850-',
                       'port_id': 'TenGigabitEthernet1/1/3'},
                   8: {'capability': 'R S I',
                       'device_id': 'alp-rtr01.ra.rockwell.com',
                       'hold_time': 174,
                       'local_interface': 'GigabitEthernet1/0/1',
                       'platform': 'ISR4331/K',
                       'port_id': 'GigabitEthernet0/0/0'}}}}

---------------------------------------------------------------------------------------------------------------------- 
--------------------------------------------------------------------------------------------------------------------- 
Updating cdp information for 006b.f170.da40as AIR-CAP37
---------------------------------------------------------------------------------------------------------------------- 
--------------------------------------------------------------------------------------------------------------------- 
Updating cdp information for 006b.f18c.9e7cas AIR-CAP37
---------------------------------------------------------------------------------------------------------------------- 
--------------------------------------------------------------------------------------------------------------------- 
Updating cdp information for 006b.f18c.a48cas AIR-CAP37
---------------------------------------------------------------------------------------------------------------------- 
--------------------------------------------------------------------------------------------------------------------- 
Updating cdp information for 006b.f19c.c0b4as AIR-CAP37
---------------------------------------------------------------------------------------------------------------------- 
--------------------------------------------------------------------------------------------------------------------- 
Updating cdp information for 006b.f19c.c460as AIR-CAP37
---------------------------------------------------------------------------------------------------------------------- 
--------------------------------------------------------------------------------------------------------------------- 
Updating cdp information for 006b.f170.da40as AIR-CAP37
---------------------------------------------------------------------------------------------------------------------- 
--------------------------------------------------------------------------------------------------------------------- 
Updating cdp information for 006b.f18c.9e7cas AIR-CAP37
---------------------------------------------------------------------------------------------------------------------- 
--------------------------------------------------------------------------------------------------------------------- 
Updating cdp information for 006b.f18c.a48cas AIR-CAP37
---------------------------------------------------------------------------------------------------------------------- 
--------------------------------------------------------------------------------------------------------------------- 
Updating cdp information for 006b.f19c.c0b4as AIR-CAP37
---------------------------------------------------------------------------------------------------------------------- 
--------------------------------------------------------------------------------------------------------------------- 
Updating cdp information for 006b.f19c.c460as AIR-CAP37
---------------------------------------------------------------------------------------------------------------------- 
--------------------------------------------------------------------------------------------------------------------- 
Updating cdp information for 3c58.c239.0b66as AIR-CAP37
---------------------------------------------------------------------------------------------------------------------- 
--------------------------------------------------------------------------------------------------------------------- 
Updating cdp information for 50e0.8535.79d8as AIR-CAP37
---------------------------------------------------------------------------------------------------------------------- 
--------------------------------------------------------------------------------------------------------------------- 
Updated Layer 2 Information from site1_switch1
---------------------------------------------------------------------------------------------------------------------- 
--------------------------------------------------------------------------------------------------------------------- 
Fetching mac address table and CDP neighbors from site1_switch2
---------------------------------------------------------------------------------------------------------------------- 
--------------------------------------------------------------------------------------------------------------------- 
Parsing show mac address-table from site1_switch2
---------------------------------------------------------------------------------------------------------------------- 
--------------------------------------------------------------------------------------------------------------------- 
{'mac_table': {'vlans': {'1': {'mac_addresses': {'2c0b.e992.db37': {'interfaces': {'Port-channel1': {'entry_type': 'dynamic',
                                                                                                     'interface': 'Port-channel1'}},
                                                                    'mac_address': '2c0b.e992.db37'},
                                                 '2c0b.e992.db38': {'interfaces': {'Port-channel1': {'entry_type': 'dynamic',
                                                                                                     'interface': 'Port-channel1'}},
                                                                    'mac_address': '2c0b.e992.db38'}},
                               'vlan': 1},
                         '101': {'mac_addresses': {'2c0b.e992.db41': {'interfaces': {'Port-channel1': {'entry_type': 'dynamic',
                                                                                                       'interface': 'Port-channel1'}},
                                                                      'mac_address': '2c0b.e992.db41'}},
                                 'vlan': 101},
                         '201': {'mac_addresses': {'001b.1700.0110': {'interfaces': {'Port-channel1': {'entry_type': 'dynamic',
                                                                                                       'interface': 'Port-channel1'}},
                                                                      'mac_address': '001b.1700.0110'},
                                                   '006b.f170.da40': {'interfaces': {'Port-channel1': {'entry_type': 'dynamic',
                                                                                                       'interface': 'Port-channel1'}},
                                                                      'mac_address': '006b.f170.da40'},
                                                   '006b.f18c.9e7c': {'interfaces': {'Port-channel1': {'entry_type': 'dynamic',
                                                                                                       'interface': 'Port-channel1'}},
                                                                      'mac_address': '006b.f18c.9e7c'},
                                                   '006b.f18c.a48c': {'interfaces': {'Port-channel1': {'entry_type': 'dynamic',
                                                                                                       'interface': 'Port-channel1'}},
                                                                      'mac_address': '006b.f18c.a48c'},
                                                   '006b.f19c.c0b4': {'interfaces': {'Port-channel1': {'entry_type': 'dynamic',
                                                                                                       'interface': 'Port-channel1'}},
                                                                      'mac_address': '006b.f19c.c0b4'},
                                                   '006b.f19c.c460': {'interfaces': {'Port-channel1': {'entry_type': 'dynamic',
                                                                                                       'interface': 'Port-channel1'}},
                                                                      'mac_address': '006b.f19c.c460'},
                                                   '2852.610c.5ccc': {'interfaces': {'Vlan201': {'entry_type': 'static',
                                                                                                 'interface': 'Vlan201'}},
                                                                      'mac_address': '2852.610c.5ccc'},
                                                   '2c0b.e992.db4c': {'interfaces': {'Port-channel1': {'entry_type': 'dynamic',
                                                                                                       'interface': 'Port-channel1'}},
                                                                      'mac_address': '2c0b.e992.db4c'},
                                                   '3c58.c239.0b66': {'interfaces': {'Port-channel1': {'entry_type': 'dynamic',
                                                                                                       'interface': 'Port-channel1'}},
                                                                      'mac_address': '3c58.c239.0b66'},
                                                   '50e0.8535.79d8': {'interfaces': {'Port-channel1': {'entry_type': 'dynamic',
                                                                                                       'interface': 'Port-channel1'}},
                                                                      'mac_address': '50e0.8535.79d8'},
                                                   'a44c.c84b.ea69': {'interfaces': {'Port-channel1': {'entry_type': 'dynamic',
                                                                                                       'interface': 'Port-channel1'}},
                                                                      'mac_address': 'a44c.c84b.ea69'}},
                                 'vlan': 201},
                         '301': {'mac_addresses': {'001b.1700.0111': {'interfaces': {'Port-channel1': {'entry_type': 'dynamic',
                                                                                                       'interface': 'Port-channel1'}},
                                                                      'mac_address': '001b.1700.0111'}},
                                 'vlan': 301},
                         '302': {'mac_addresses': {'0015.5d0a.1e0c': {'interfaces': {'GigabitEthernet1/0/11': {'entry_type': 'static',
                                                                                                               'interface': 'GigabitEthernet1/0/11'}},
                                                                      'mac_address': '0015.5d0a.1e0c'},
                                                   '0015.5d0a.1e60': {'interfaces': {'GigabitEthernet1/0/11': {'entry_type': 'static',
                                                                                                               'interface': 'GigabitEthernet1/0/11'}},
                                                                      'mac_address': '0015.5d0a.1e60'},
                                                   '0015.5d0a.1e63': {'interfaces': {'GigabitEthernet1/0/11': {'entry_type': 'static',
                                                                                                               'interface': 'GigabitEthernet1/0/11'}},
                                                                      'mac_address': '0015.5d0a.1e63'},
                                                   '001b.1700.0111': {'interfaces': {'Port-channel1': {'entry_type': 'dynamic',
                                                                                                       'interface': 'Port-channel1'}},
                                                                      'mac_address': '001b.1700.0111'},
                                                   'b8ca.3a63.6c64': {'interfaces': {'GigabitEthernet1/0/11': {'entry_type': 'static',
                                                                                                               'interface': 'GigabitEthernet1/0/11'}},
                                                                      'mac_address': 'b8ca.3a63.6c64'}},
                                 'vlan': 302},
                         '303': {'mac_addresses': {'001b.1700.0111': {'interfaces': {'Port-channel1': {'entry_type': 'dynamic',
                                                                                                       'interface': 'Port-channel1'}},
                                                                      'mac_address': '001b.1700.0111'}},
                                 'vlan': 303},
                         '304': {'mac_addresses': {'001b.1700.0111': {'interfaces': {'Port-channel1': {'entry_type': 'dynamic',
                                                                                                       'interface': 'Port-channel1'}},
                                                                      'mac_address': '001b.1700.0111'}},
                                 'vlan': 304},
                         '305': {'mac_addresses': {'001b.1700.0111': {'interfaces': {'Port-channel1': {'entry_type': 'dynamic',
                                                                                                       'interface': 'Port-channel1'}},
                                                                      'mac_address': '001b.1700.0111'}},
                                 'vlan': 305},
                         '306': {'mac_addresses': {'001b.1700.0111': {'interfaces': {'Port-channel1': {'entry_type': 'dynamic',
                                                                                                       'interface': 'Port-channel1'}},
                                                                      'mac_address': '001b.1700.0111'}},
                                 'vlan': 306},
                         '307': {'mac_addresses': {'001b.1700.0111': {'interfaces': {'Port-channel1': {'entry_type': 'dynamic',
                                                                                                       'interface': 'Port-channel1'}},
                                                                      'mac_address': '001b.1700.0111'}},
                                 'vlan': 307},
                         '308': {'mac_addresses': {'001b.1700.0111': {'interfaces': {'Port-channel1': {'entry_type': 'dynamic',
                                                                                                       'interface': 'Port-channel1'}},
                                                                      'mac_address': '001b.1700.0111'}},
                                 'vlan': 308},
                         '309': {'mac_addresses': {'001b.1700.0111': {'interfaces': {'Port-channel1': {'entry_type': 'dynamic',
                                                                                                       'interface': 'Port-channel1'}},
                                                                      'mac_address': '001b.1700.0111'}},
                                 'vlan': 309},
                         '310': {'mac_addresses': {'001b.1700.0111': {'interfaces': {'Port-channel1': {'entry_type': 'dynamic',
                                                                                                       'interface': 'Port-channel1'}},
                                                                      'mac_address': '001b.1700.0111'}},
                                 'vlan': 310},
                         '311': {'mac_addresses': {'001b.1700.0111': {'interfaces': {'Port-channel1': {'entry_type': 'dynamic',
                                                                                                       'interface': 'Port-channel1'}},
                                                                      'mac_address': '001b.1700.0111'}},
                                 'vlan': 311},
                         '312': {'mac_addresses': {'001b.1700.0111': {'interfaces': {'Port-channel1': {'entry_type': 'dynamic',
                                                                                                       'interface': 'Port-channel1'}},
                                                                      'mac_address': '001b.1700.0111'}},
                                 'vlan': 312},
                         '313': {'mac_addresses': {'001b.1700.0111': {'interfaces': {'Port-channel1': {'entry_type': 'dynamic',
                                                                                                       'interface': 'Port-channel1'}},
                                                                      'mac_address': '001b.1700.0111'}},
                                 'vlan': 313},
                         '314': {'mac_addresses': {'001b.1700.0111': {'interfaces': {'Port-channel1': {'entry_type': 'dynamic',
                                                                                                       'interface': 'Port-channel1'}},
                                                                      'mac_address': '001b.1700.0111'}},
                                 'vlan': 314},
                         '315': {'mac_addresses': {'001b.1700.0111': {'interfaces': {'Port-channel1': {'entry_type': 'dynamic',
                                                                                                       'interface': 'Port-channel1'}},
                                                                      'mac_address': '001b.1700.0111'}},
                                 'vlan': 315},
                         '316': {'mac_addresses': {'001b.1700.0111': {'interfaces': {'Port-channel1': {'entry_type': 'dynamic',
                                                                                                       'interface': 'Port-channel1'}},
                                                                      'mac_address': '001b.1700.0111'}},
                                 'vlan': 316},
                         '317': {'mac_addresses': {'001b.1700.0111': {'interfaces': {'Port-channel1': {'entry_type': 'dynamic',
                                                                                                       'interface': 'Port-channel1'}},
                                                                      'mac_address': '001b.1700.0111'}},
                                 'vlan': 317},
                         '318': {'mac_addresses': {'001b.1700.0111': {'interfaces': {'Port-channel1': {'entry_type': 'dynamic',
                                                                                                       'interface': 'Port-channel1'}},
                                                                      'mac_address': '001b.1700.0111'}},
                                 'vlan': 318},
                         '319': {'mac_addresses': {'001b.1700.0111': {'interfaces': {'Port-channel1': {'entry_type': 'dynamic',
                                                                                                       'interface': 'Port-channel1'}},
                                                                      'mac_address': '001b.1700.0111'}},
                                 'vlan': 319},
                         '320': {'mac_addresses': {'001b.1700.0111': {'interfaces': {'Port-channel1': {'entry_type': 'dynamic',
                                                                                                       'interface': 'Port-channel1'}},
                                                                      'mac_address': '001b.1700.0111'}},
                                 'vlan': 320},
                         '321': {'mac_addresses': {'001b.1700.0111': {'interfaces': {'Port-channel1': {'entry_type': 'dynamic',
                                                                                                       'interface': 'Port-channel1'}},
                                                                      'mac_address': '001b.1700.0111'}},
                                 'vlan': 321},
                         '322': {'mac_addresses': {'001b.1700.0111': {'interfaces': {'Port-channel1': {'entry_type': 'dynamic',
                                                                                                       'interface': 'Port-channel1'}},
                                                                      'mac_address': '001b.1700.0111'}},
                                 'vlan': 322},
                         '323': {'mac_addresses': {'001b.1700.0111': {'interfaces': {'Port-channel1': {'entry_type': 'dynamic',
                                                                                                       'interface': 'Port-channel1'}},
                                                                      'mac_address': '001b.1700.0111'}},
                                 'vlan': 323},
                         '324': {'mac_addresses': {'001b.1700.0111': {'interfaces': {'Port-channel1': {'entry_type': 'dynamic',
                                                                                                       'interface': 'Port-channel1'}},
                                                                      'mac_address': '001b.1700.0111'}},
                                 'vlan': 324},
                         '325': {'mac_addresses': {'001b.1700.0111': {'interfaces': {'Port-channel1': {'entry_type': 'dynamic',
                                                                                                       'interface': 'Port-channel1'}},
                                                                      'mac_address': '001b.1700.0111'}},
                                 'vlan': 325},
                         '326': {'mac_addresses': {'001b.1700.0111': {'interfaces': {'Port-channel1': {'entry_type': 'dynamic',
                                                                                                       'interface': 'Port-channel1'}},
                                                                      'mac_address': '001b.1700.0111'}},
                                 'vlan': 326},
                         '327': {'mac_addresses': {'001b.1700.0111': {'interfaces': {'Port-channel1': {'entry_type': 'dynamic',
                                                                                                       'interface': 'Port-channel1'}},
                                                                      'mac_address': '001b.1700.0111'}},
                                 'vlan': 327},
                         '328': {'mac_addresses': {'001b.1700.0111': {'interfaces': {'Port-channel1': {'entry_type': 'dynamic',
                                                                                                       'interface': 'Port-channel1'}},
                                                                      'mac_address': '001b.1700.0111'}},
                                 'vlan': 328},
                         'all': {'mac_addresses': {'0100.0ccc.cccc': {'interfaces': {'CPU': {'entry_type': 'static',
                                                                                             'interface': 'CPU'}},
                                                                      'mac_address': '0100.0ccc.cccc'},
                                                   '0100.0ccc.cccd': {'interfaces': {'CPU': {'entry_type': 'static',
                                                                                             'interface': 'CPU'}},
                                                                      'mac_address': '0100.0ccc.cccd'},
                                                   '0100.0ccc.ccce': {'interfaces': {'CPU': {'entry_type': 'static',
                                                                                             'interface': 'CPU'}},
                                                                      'mac_address': '0100.0ccc.ccce'},
                                                   '0180.c200.0000': {'interfaces': {'CPU': {'entry_type': 'static',
                                                                                             'interface': 'CPU'}},
                                                                      'mac_address': '0180.c200.0000'},
                                                   '0180.c200.0001': {'interfaces': {'CPU': {'entry_type': 'static',
                                                                                             'interface': 'CPU'}},
                                                                      'mac_address': '0180.c200.0001'},
                                                   '0180.c200.0002': {'interfaces': {'CPU': {'entry_type': 'static',
                                                                                             'interface': 'CPU'}},
                                                                      'mac_address': '0180.c200.0002'},
                                                   '0180.c200.0003': {'interfaces': {'CPU': {'entry_type': 'static',
                                                                                             'interface': 'CPU'}},
                                                                      'mac_address': '0180.c200.0003'},
                                                   '0180.c200.0004': {'interfaces': {'CPU': {'entry_type': 'static',
                                                                                             'interface': 'CPU'}},
                                                                      'mac_address': '0180.c200.0004'},
                                                   '0180.c200.0005': {'interfaces': {'CPU': {'entry_type': 'static',
                                                                                             'interface': 'CPU'}},
                                                                      'mac_address': '0180.c200.0005'},
                                                   '0180.c200.0006': {'interfaces': {'CPU': {'entry_type': 'static',
                                                                                             'interface': 'CPU'}},
                                                                      'mac_address': '0180.c200.0006'},
                                                   '0180.c200.0007': {'interfaces': {'CPU': {'entry_type': 'static',
                                                                                             'interface': 'CPU'}},
                                                                      'mac_address': '0180.c200.0007'},
                                                   '0180.c200.0008': {'interfaces': {'CPU': {'entry_type': 'static',
                                                                                             'interface': 'CPU'}},
                                                                      'mac_address': '0180.c200.0008'},
                                                   '0180.c200.0009': {'interfaces': {'CPU': {'entry_type': 'static',
                                                                                             'interface': 'CPU'}},
                                                                      'mac_address': '0180.c200.0009'},
                                                   '0180.c200.000a': {'interfaces': {'CPU': {'entry_type': 'static',
                                                                                             'interface': 'CPU'}},
                                                                      'mac_address': '0180.c200.000a'},
                                                   '0180.c200.000b': {'interfaces': {'CPU': {'entry_type': 'static',
                                                                                             'interface': 'CPU'}},
                                                                      'mac_address': '0180.c200.000b'},
                                                   '0180.c200.000c': {'interfaces': {'CPU': {'entry_type': 'static',
                                                                                             'interface': 'CPU'}},
                                                                      'mac_address': '0180.c200.000c'},
                                                   '0180.c200.000d': {'interfaces': {'CPU': {'entry_type': 'static',
                                                                                             'interface': 'CPU'}},
                                                                      'mac_address': '0180.c200.000d'},
                                                   '0180.c200.000e': {'interfaces': {'CPU': {'entry_type': 'static',
                                                                                             'interface': 'CPU'}},
                                                                      'mac_address': '0180.c200.000e'},
                                                   '0180.c200.000f': {'interfaces': {'CPU': {'entry_type': 'static',
                                                                                             'interface': 'CPU'}},
                                                                      'mac_address': '0180.c200.000f'},
                                                   '0180.c200.0010': {'interfaces': {'CPU': {'entry_type': 'static',
                                                                                             'interface': 'CPU'}},
                                                                      'mac_address': '0180.c200.0010'},
                                                   'ffff.ffff.ffff': {'interfaces': {'CPU': {'entry_type': 'static',
                                                                                             'interface': 'CPU'}},
                                                                      'mac_address': 'ffff.ffff.ffff'}},
                                 'vlan': 'all'}}}}

---------------------------------------------------------------------------------------------------------------------- 
--------------------------------------------------------------------------------------------------------------------- 
Parsing show cdp neighbor from site1_switch2
---------------------------------------------------------------------------------------------------------------------- 
--------------------------------------------------------------------------------------------------------------------- 
printing cdp neighbor
---------------------------------------------------------------------------------------------------------------------- 
--------------------------------------------------------------------------------------------------------------------- 
{'cdp': {'index': {1: {'capability': 'R S I',
                       'device_id': 'alp-swi01.ra.rockwell.com',
                       'hold_time': 132,
                       'local_interface': 'TenGigabitEthernet1/1/4',
                       'platform': 'WS-C3850-',
                       'port_id': 'TenGigabitEthernet1/1/4'},
                   2: {'capability': 'R S I',
                       'device_id': 'alp-swi01.ra.rockwell.com',
                       'hold_time': 163,
                       'local_interface': 'TenGigabitEthernet1/1/3',
                       'platform': 'WS-C3850-',
                       'port_id': 'TenGigabitEthernet1/1/3'}}}}

---------------------------------------------------------------------------------------------------------------------- 
--------------------------------------------------------------------------------------------------------------------- 
Updated Layer 2 Information from site1_switch2
---------------------------------------------------------------------------------------------------------------------- 
--------------------------------------------------------------------------------------------------------------------- 
Fetching layer 3 info fromsite1_switch1
---------------------------------------------------------------------------------------------------------------------- 
--------------------------------------------------------------------------------------------------------------------- 
{'interfaces': {'GigabitEthernet1/0/1': {'ipv4': {'neighbors': {'10.90.62.177': {'age': '11',
                                                                                 'ip': '10.90.62.177',
                                                                                 'link_layer_address': '002c.c8ba.ce10',
                                                                                 'origin': 'dynamic',
                                                                                 'protocol': 'Internet',
                                                                                 'type': 'ARPA'},
                                                                '10.90.62.178': {'age': '-',
                                                                                 'ip': '10.90.62.178',
                                                                                 'link_layer_address': '2c0b.e992.db64',
                                                                                 'origin': 'static',
                                                                                 'protocol': 'Internet',
                                                                                 'type': 'ARPA'}}}},
                'Vlan101': {'ipv4': {'neighbors': {'10.105.24.1': {'age': '-',
                                                                   'ip': '10.105.24.1',
                                                                   'link_layer_address': '2c0b.e992.db41',
                                                                   'origin': 'static',
                                                                   'protocol': 'Internet',
                                                                   'type': 'ARPA'}}}},
                'Vlan201': {'ipv4': {'neighbors': {'10.91.146.1': {'age': '-',
                                                                   'ip': '10.91.146.1',
                                                                   'link_layer_address': '2c0b.e992.db4c',
                                                                   'origin': 'static',
                                                                   'protocol': 'Internet',
                                                                   'type': 'ARPA'},
                                                   '10.91.146.10': {'age': '225',
                                                                    'ip': '10.91.146.10',
                                                                    'link_layer_address': '2852.610c.5ccc',
                                                                    'origin': 'dynamic',
                                                                    'protocol': 'Internet',
                                                                    'type': 'ARPA'},
                                                   '10.91.146.109': {'age': '0',
                                                                     'ip': '10.91.146.109',
                                                                     'link_layer_address': '50e0.8535.79d8',
                                                                     'origin': 'dynamic',
                                                                     'protocol': 'Internet',
                                                                     'type': 'ARPA'},
                                                   '10.91.146.160': {'age': '0',
                                                                     'ip': '10.91.146.160',
                                                                     'link_layer_address': 'a44c.c84b.ea69',
                                                                     'origin': 'dynamic',
                                                                     'protocol': 'Internet',
                                                                     'type': 'ARPA'},
                                                   '10.91.146.19': {'age': '184',
                                                                    'ip': '10.91.146.19',
                                                                    'link_layer_address': '240b.0a00.5564',
                                                                    'origin': 'dynamic',
                                                                    'protocol': 'Internet',
                                                                    'type': 'ARPA'},
                                                   '10.91.146.23': {'age': '0',
                                                                    'ip': '10.91.146.23',
                                                                    'link_layer_address': '0040.8421.a105',
                                                                    'origin': 'dynamic',
                                                                    'protocol': 'Internet',
                                                                    'type': 'ARPA'},
                                                   '10.91.146.233': {'age': '0',
                                                                     'ip': '10.91.146.233',
                                                                     'link_layer_address': '3c58.c239.0b66',
                                                                     'origin': 'dynamic',
                                                                     'protocol': 'Internet',
                                                                     'type': 'ARPA'},
                                                   '10.91.146.240': {'age': '0',
                                                                     'ip': '10.91.146.240',
                                                                     'link_layer_address': '006b.f19c.c460',
                                                                     'origin': 'dynamic',
                                                                     'protocol': 'Internet',
                                                                     'type': 'ARPA'},
                                                   '10.91.146.247': {'age': '0',
                                                                     'ip': '10.91.146.247',
                                                                     'link_layer_address': '000c.295a.46c0',
                                                                     'origin': 'dynamic',
                                                                     'protocol': 'Internet',
                                                                     'type': 'ARPA'},
                                                   '10.91.146.25': {'age': '0',
                                                                    'ip': '10.91.146.25',
                                                                    'link_layer_address': '001b.d860.238d',
                                                                    'origin': 'dynamic',
                                                                    'protocol': 'Internet',
                                                                    'type': 'ARPA'},
                                                   '10.91.146.26': {'age': '0',
                                                                    'ip': '10.91.146.26',
                                                                    'link_layer_address': '001b.d860.22d5',
                                                                    'origin': 'dynamic',
                                                                    'protocol': 'Internet',
                                                                    'type': 'ARPA'},
                                                   '10.91.146.28': {'age': '0',
                                                                    'ip': '10.91.146.28',
                                                                    'link_layer_address': '0026.73dd.8c6a',
                                                                    'origin': 'dynamic',
                                                                    'protocol': 'Internet',
                                                                    'type': 'ARPA'},
                                                   '10.91.146.29': {'age': '21',
                                                                    'ip': '10.91.146.29',
                                                                    'link_layer_address': '240b.0a00.940c',
                                                                    'origin': 'dynamic',
                                                                    'protocol': 'Internet',
                                                                    'type': 'ARPA'},
                                                   '10.91.146.30': {'age': '0',
                                                                    'ip': '10.91.146.30',
                                                                    'link_layer_address': '001b.1700.0110',
                                                                    'origin': 'dynamic',
                                                                    'protocol': 'Internet',
                                                                    'type': 'ARPA'},
                                                   '10.91.146.31': {'age': '0',
                                                                    'ip': '10.91.146.31',
                                                                    'link_layer_address': '006b.f18c.a48c',
                                                                    'origin': 'dynamic',
                                                                    'protocol': 'Internet',
                                                                    'type': 'ARPA'},
                                                   '10.91.146.40': {'age': '0',
                                                                    'ip': '10.91.146.40',
                                                                    'link_layer_address': '006b.f170.da40',
                                                                    'origin': 'dynamic',
                                                                    'protocol': 'Internet',
                                                                    'type': 'ARPA'},
                                                   '10.91.146.41': {'age': '0',
                                                                    'ip': '10.91.146.41',
                                                                    'link_layer_address': '006b.f18c.9e7c',
                                                                    'origin': 'dynamic',
                                                                    'protocol': 'Internet',
                                                                    'type': 'ARPA'},
                                                   '10.91.146.77': {'age': '0',
                                                                    'ip': '10.91.146.77',
                                                                    'link_layer_address': '006b.f19c.c0b4',
                                                                    'origin': 'dynamic',
                                                                    'protocol': 'Internet',
                                                                    'type': 'ARPA'}}}}}}

---------------------------------------------------------------------------------------------------------------------- 
--------------------------------------------------------------------------------------------------------------------- 
Updating layer 3 info from site1_switch1
---------------------------------------------------------------------------------------------------------------------- 
--------------------------------------------------------------------------------------------------------------------- 
Found IP of 000c.295a.46c0=====>10.91.146.247 in Vlan201
---------------------------------------------------------------------------------------------------------------------- 
--------------------------------------------------------------------------------------------------------------------- 
Found IP of 001b.1700.0110=====>10.91.146.30 in Vlan201
---------------------------------------------------------------------------------------------------------------------- 
--------------------------------------------------------------------------------------------------------------------- 
Found IP of 001b.d860.22d5=====>10.91.146.26 in Vlan201
---------------------------------------------------------------------------------------------------------------------- 
--------------------------------------------------------------------------------------------------------------------- 
Found IP of 001b.d860.238d=====>10.91.146.25 in Vlan201
---------------------------------------------------------------------------------------------------------------------- 
--------------------------------------------------------------------------------------------------------------------- 
Found IP of 0026.73dd.8c6a=====>10.91.146.28 in Vlan201
---------------------------------------------------------------------------------------------------------------------- 
--------------------------------------------------------------------------------------------------------------------- 
Found IP of 0040.8421.a105=====>10.91.146.23 in Vlan201
---------------------------------------------------------------------------------------------------------------------- 
--------------------------------------------------------------------------------------------------------------------- 
Found IP of 006b.f170.da40=====>10.91.146.40 in Vlan201
---------------------------------------------------------------------------------------------------------------------- 
--------------------------------------------------------------------------------------------------------------------- 
Found IP of 006b.f18c.9e7c=====>10.91.146.41 in Vlan201
---------------------------------------------------------------------------------------------------------------------- 
--------------------------------------------------------------------------------------------------------------------- 
Found IP of 006b.f18c.a48c=====>10.91.146.31 in Vlan201
---------------------------------------------------------------------------------------------------------------------- 
--------------------------------------------------------------------------------------------------------------------- 
Found IP of 006b.f19c.c0b4=====>10.91.146.77 in Vlan201
---------------------------------------------------------------------------------------------------------------------- 
--------------------------------------------------------------------------------------------------------------------- 
Found IP of 006b.f19c.c460=====>10.91.146.240 in Vlan201
---------------------------------------------------------------------------------------------------------------------- 
--------------------------------------------------------------------------------------------------------------------- 
Found IP of 240b.0a00.5564=====>10.91.146.19 in Vlan201
---------------------------------------------------------------------------------------------------------------------- 
--------------------------------------------------------------------------------------------------------------------- 
Found IP of 240b.0a00.940c=====>10.91.146.29 in Vlan201
---------------------------------------------------------------------------------------------------------------------- 
--------------------------------------------------------------------------------------------------------------------- 
Found IP of 2852.610c.5ccc=====>10.91.146.10 in Vlan201
---------------------------------------------------------------------------------------------------------------------- 
--------------------------------------------------------------------------------------------------------------------- 
Found IP of 2c0b.e992.db4c=====>10.91.146.1 in Vlan201
---------------------------------------------------------------------------------------------------------------------- 
--------------------------------------------------------------------------------------------------------------------- 
Found IP of 3c58.c239.0b66=====>10.91.146.233 in Vlan201
---------------------------------------------------------------------------------------------------------------------- 
--------------------------------------------------------------------------------------------------------------------- 
Found IP of 50e0.8535.79d8=====>10.91.146.109 in Vlan201
---------------------------------------------------------------------------------------------------------------------- 
--------------------------------------------------------------------------------------------------------------------- 
Found IP of a44c.c84b.ea69=====>10.91.146.160 in Vlan201
---------------------------------------------------------------------------------------------------------------------- 
--------------------------------------------------------------------------------------------------------------------- 
Found IP of 2c0b.e992.db41=====>10.105.24.1 in Vlan101
---------------------------------------------------------------------------------------------------------------------- 
--------------------------------------------------------------------------------------------------------------------- 
Found IP of 001b.1700.0110=====>10.91.146.30 in Vlan201
---------------------------------------------------------------------------------------------------------------------- 
--------------------------------------------------------------------------------------------------------------------- 
Found IP of 006b.f170.da40=====>10.91.146.40 in Vlan201
---------------------------------------------------------------------------------------------------------------------- 
--------------------------------------------------------------------------------------------------------------------- 
Found IP of 006b.f18c.9e7c=====>10.91.146.41 in Vlan201
---------------------------------------------------------------------------------------------------------------------- 
--------------------------------------------------------------------------------------------------------------------- 
Found IP of 006b.f18c.a48c=====>10.91.146.31 in Vlan201
---------------------------------------------------------------------------------------------------------------------- 
--------------------------------------------------------------------------------------------------------------------- 
Found IP of 006b.f19c.c0b4=====>10.91.146.77 in Vlan201
---------------------------------------------------------------------------------------------------------------------- 
--------------------------------------------------------------------------------------------------------------------- 
Found IP of 006b.f19c.c460=====>10.91.146.240 in Vlan201
---------------------------------------------------------------------------------------------------------------------- 
--------------------------------------------------------------------------------------------------------------------- 
Found IP of 2852.610c.5ccc=====>10.91.146.10 in Vlan201
---------------------------------------------------------------------------------------------------------------------- 
--------------------------------------------------------------------------------------------------------------------- 
Found IP of 2c0b.e992.db4c=====>10.91.146.1 in Vlan201
---------------------------------------------------------------------------------------------------------------------- 
--------------------------------------------------------------------------------------------------------------------- 
Found IP of 3c58.c239.0b66=====>10.91.146.233 in Vlan201
---------------------------------------------------------------------------------------------------------------------- 
--------------------------------------------------------------------------------------------------------------------- 
Found IP of 50e0.8535.79d8=====>10.91.146.109 in Vlan201
---------------------------------------------------------------------------------------------------------------------- 
--------------------------------------------------------------------------------------------------------------------- 
Found IP of a44c.c84b.ea69=====>10.91.146.160 in Vlan201
---------------------------------------------------------------------------------------------------------------------- 
--------------------------------------------------------------------------------------------------------------------- 
Found IP of 2c0b.e992.db41=====>10.105.24.1 in Vlan101
---------------------------------------------------------------------------------------------------------------------- 
--------------------------------------------------------------------------------------------------------------------- 
writing all endpoints to endpoints.csv
---------------------------------------------------------------------------------------------------------------------- 
